c:\users\halil\source\repos\tinysdlengine\tinysdlengine\x64\debug\vc142.pdb
c:\users\halil\source\repos\tinysdlengine\tinysdlengine\x64\debug\vc142.idb
c:\users\halil\source\repos\tinysdlengine\tinysdlengine\x64\debug\main.obj
c:\users\halil\source\repos\tinysdlengine\tinysdlengine\x64\debug\resourcemanager.obj
c:\users\halil\source\repos\tinysdlengine\tinysdlengine\x64\debug\texture.obj
c:\users\halil\source\repos\tinysdlengine\tinysdlengine\x64\debug\shader.obj
c:\users\halil\source\repos\tinysdlengine\tinysdlengine\x64\debug\renderobject.obj
c:\users\halil\source\repos\tinysdlengine\tinysdlengine\x64\debug\renderer.obj
c:\users\halil\source\repos\tinysdlengine\tinysdlengine\x64\debug\buffer.obj
c:\users\halil\source\repos\tinysdlengine\tinysdlengine\x64\debug\geometrybuffer.obj
c:\users\halil\source\repos\tinysdlengine\tinysdlengine\x64\debug\gameloop.obj
c:\users\halil\source\repos\tinysdlengine\tinysdlengine\x64\debug\mesh.obj
c:\users\halil\source\repos\tinysdlengine\tinysdlengine\x64\debug\camera.obj
c:\users\halil\source\repos\tinysdlengine\tinysdlengine\x64\debug\sdleventmanager.obj
c:\users\halil\source\repos\tinysdlengine\tinysdlengine\x64\debug\cameranode.obj
c:\users\halil\source\repos\tinysdlengine\tinysdlengine\x64\debug\modelobject.obj
c:\users\halil\source\repos\tinysdlengine\tinysdlengine\x64\debug\node.obj
c:\users\halil\source\repos\tinysdlengine\tinysdlengine\x64\debug\dynamicobject.obj
c:\users\halil\source\repos\tinysdlengine\tinysdlengine\x64\debug\collisionshape.obj
c:\users\halil\source\repos\tinysdlengine\tinysdlengine\x64\debug\collisionbox.obj
c:\users\halil\source\repos\tinysdlengine\tinysdlengine\x64\debug\collisionhandler.obj
c:\users\halil\source\repos\tinysdlengine\tinysdlengine\x64\debug\sprite.obj
c:\users\halil\source\repos\tinysdlengine\tinysdlengine\x64\debug\physicsobject.obj
c:\users\halil\source\repos\tinysdlengine\tinysdlengine\x64\debug\vertexarray.obj
c:\users\halil\source\repos\tinysdlengine\tinysdlengine\x64\debug\framebuffer.obj
c:\users\halil\source\repos\tinysdlengine\tinysdlengine\x64\debug\bufferentity.obj
c:\users\halil\source\repos\tinysdlengine\tinysdlengine\x64\debug\staticmodel.obj
c:\users\halil\source\repos\tinysdlengine\tinysdlengine\x64\debug\model.obj
c:\users\halil\source\repos\tinysdlengine\tinysdlengine\x64\debug\rendermanager.obj
c:\users\halil\source\repos\tinysdlengine\tinysdlengine\x64\debug\sdldata.obj
c:\users\halil\source\repos\tinysdlengine\tinysdlengine\x64\debug\worldobject.obj
c:\users\halil\source\repos\tinysdlengine\tinysdlengine\x64\debug\stb_image.obj
c:\users\halil\source\repos\tinysdlengine\tinysdlengine\x64\debug\imgui_widgets.obj
c:\users\halil\source\repos\tinysdlengine\tinysdlengine\x64\debug\imgui_tables.obj
c:\users\halil\source\repos\tinysdlengine\tinysdlengine\x64\debug\imgui_impl_sdl.obj
c:\users\halil\source\repos\tinysdlengine\tinysdlengine\x64\debug\imgui_impl_opengl3.obj
c:\users\halil\source\repos\tinysdlengine\tinysdlengine\x64\debug\imgui_draw.obj
c:\users\halil\source\repos\tinysdlengine\tinysdlengine\x64\debug\imgui_demo.obj
c:\users\halil\source\repos\tinysdlengine\tinysdlengine\x64\debug\imgui.obj
c:\users\halil\source\repos\tinysdlengine\tinysdlengine\x64\debug\glm.obj
c:\users\halil\source\repos\tinysdlengine\tinysdlengine\x64\debug\bmpreader.obj
c:\users\halil\source\repos\tinysdlengine\tinysdlengine\x64\debug\object.obj
c:\users\halil\source\repos\tinysdlengine\tinysdlengine\x64\debug\firstpersoncamera.obj
c:\users\halil\source\repos\tinysdlengine\tinysdlengine\x64\debug\texturearray.obj
c:\users\halil\source\repos\tinysdlengine\tinysdlengine\x64\debug\vertexdata.obj
c:\users\halil\source\repos\tinysdlengine\tinysdlengine\x64\debug\vertexmaterial.obj
c:\users\halil\source\repos\tinysdlengine\tinysdlengine\x64\debug\modelmanager.obj
c:\users\halil\source\repos\tinysdlengine\tinysdlengine\x64\debug\material.obj
c:\users\halil\source\repos\tinysdlengine\tinysdlengine\x64\debug\modelnode.obj
c:\users\halil\source\repos\tinysdlengine\tinysdlengine\x64\debug\objloader.obj
c:\users\halil\source\repos\tinysdlengine\tinysdlengine\x64\debug\uniformbuffer.obj
c:\users\halil\source\repos\tinysdlengine\tinysdlengine\x64\debug\lightnode.obj
c:\users\halil\source\repos\tinysdlengine\tinysdlengine\x64\debug\sceneloader.obj
c:\users\halil\source\repos\tinysdlengine\tinysdlengine\x64\debug\fuzzer-driver_afl.obj
c:\users\halil\source\repos\tinysdlengine\tinysdlengine\x64\debug\fourindependentbranchestest.obj
c:\users\halil\source\repos\tinysdlengine\tinysdlengine\x64\debug\emptytest.obj
c:\users\halil\source\repos\tinysdlengine\tinysdlengine\x64\debug\dsotestmain.obj
c:\users\halil\source\repos\tinysdlengine\tinysdlengine\x64\debug\dsotestextra.obj
c:\users\halil\source\repos\tinysdlengine\tinysdlengine\x64\debug\dso2.obj
c:\users\halil\source\repos\tinysdlengine\tinysdlengine\x64\debug\dso1.obj
c:\users\halil\source\repos\tinysdlengine\tinysdlengine\x64\debug\divtest.obj
c:\users\halil\source\repos\tinysdlengine\tinysdlengine\x64\debug\countertest.obj
c:\users\halil\source\repos\tinysdlengine\tinysdlengine\x64\debug\callercalleetest.obj
c:\users\halil\source\repos\tinysdlengine\tinysdlengine\x64\debug\bufferoverflowoninput.obj
c:\users\halil\source\repos\tinysdlengine\tinysdlengine\x64\debug\afldrivertest.obj
c:\users\halil\source\repos\tinysdlengine\tinysdlengine\x64\debug\accumulateallocationstest.obj
c:\users\halil\source\repos\tinysdlengine\tinysdlengine\x64\debug\absnegandconstanttest.obj
c:\users\halil\source\repos\tinysdlengine\tinysdlengine\x64\debug\absnegandconstant64test.obj
c:\users\halil\source\repos\tinysdlengine\tinysdlengine\x64\debug\simpledictionarytest.obj
c:\users\halil\source\repos\tinysdlengine\tinysdlengine\x64\debug\simplecmptest.obj
c:\users\halil\source\repos\tinysdlengine\tinysdlengine\x64\debug\signedintoverflowtest.obj
c:\users\halil\source\repos\tinysdlengine\tinysdlengine\x64\debug\shrinkvalueprofiletest.obj
c:\users\halil\source\repos\tinysdlengine\tinysdlengine\x64\debug\shrinkcontrolflowtest.obj
c:\users\halil\source\repos\tinysdlengine\tinysdlengine\x64\debug\repeatedmemcmp.obj
c:\users\halil\source\repos\tinysdlengine\tinysdlengine\x64\debug\repeatedbytestest.obj
c:\users\halil\source\repos\tinysdlengine\tinysdlengine\x64\debug\outofmemorytest.obj
c:\users\halil\source\repos\tinysdlengine\tinysdlengine\x64\debug\outofmemorysinglelargemalloctest.obj
c:\users\halil\source\repos\tinysdlengine\tinysdlengine\x64\debug\onehugealloctest.obj
c:\users\halil\source\repos\tinysdlengine\tinysdlengine\x64\debug\nulldereftest.obj
c:\users\halil\source\repos\tinysdlengine\tinysdlengine\x64\debug\nullderefonemptytest.obj
c:\users\halil\source\repos\tinysdlengine\tinysdlengine\x64\debug\nthruncrashtest.obj
c:\users\halil\source\repos\tinysdlengine\tinysdlengine\x64\debug\memcmptest.obj
c:\users\halil\source\repos\tinysdlengine\tinysdlengine\x64\debug\loadtest.obj
c:\users\halil\source\repos\tinysdlengine\tinysdlengine\x64\debug\leaktimeouttest.obj
c:\users\halil\source\repos\tinysdlengine\tinysdlengine\x64\debug\leaktest.obj
c:\users\halil\source\repos\tinysdlengine\tinysdlengine\x64\debug\initializetest.obj
c:\users\halil\source\repos\tinysdlengine\tinysdlengine\x64\debug\fullcoveragesettest.obj
c:\users\halil\source\repos\tinysdlengine\tinysdlengine\x64\debug\uninstrumentedtest.obj
c:\users\halil\source\repos\tinysdlengine\tinysdlengine\x64\debug\tracemalloctest.obj
c:\users\halil\source\repos\tinysdlengine\tinysdlengine\x64\debug\timeouttest.obj
c:\users\halil\source\repos\tinysdlengine\tinysdlengine\x64\debug\timeoutemptytest.obj
c:\users\halil\source\repos\tinysdlengine\tinysdlengine\x64\debug\threadedtest.obj
c:\users\halil\source\repos\tinysdlengine\tinysdlengine\x64\debug\threadedleaktest.obj
c:\users\halil\source\repos\tinysdlengine\tinysdlengine\x64\debug\switchtest.obj
c:\users\halil\source\repos\tinysdlengine\tinysdlengine\x64\debug\switch2test.obj
c:\users\halil\source\repos\tinysdlengine\tinysdlengine\x64\debug\strstrtest.obj
c:\users\halil\source\repos\tinysdlengine\tinysdlengine\x64\debug\strncmptest.obj
c:\users\halil\source\repos\tinysdlengine\tinysdlengine\x64\debug\strncmpoobtest.obj
c:\users\halil\source\repos\tinysdlengine\tinysdlengine\x64\debug\strcmptest.obj
c:\users\halil\source\repos\tinysdlengine\tinysdlengine\x64\debug\spamytest.obj
c:\users\halil\source\repos\tinysdlengine\tinysdlengine\x64\debug\singlestrncmptest.obj
c:\users\halil\source\repos\tinysdlengine\tinysdlengine\x64\debug\singlestrcmptest.obj
c:\users\halil\source\repos\tinysdlengine\tinysdlengine\x64\debug\singlememcmptest.obj
c:\users\halil\source\repos\tinysdlengine\tinysdlengine\x64\debug\simplethreadedtest.obj
c:\users\halil\source\repos\tinysdlengine\tinysdlengine\x64\debug\simpletest.obj
c:\users\halil\source\repos\tinysdlengine\tinysdlengine\x64\debug\simplehashtest.obj
c:\users\halil\source\repos\tinysdlengine\tinysdlengine\x64\debug\window.obj
c:\users\halil\source\repos\tinysdlengine\tinysdlengine\x64\debug\application.obj
c:\users\halil\source\repos\tinysdlengine\tinysdlengine\x64\debug\config.obj
c:\users\halil\source\repos\tinysdlengine\tinysdlengine\x64\debug\editor.obj
c:\users\halil\source\repos\tinysdlengine\tinysdlengine\x64\debug\worldgenerator.obj
c:\users\halil\source\repos\tinysdlengine\tinysdlengine\x64\debug\entrypoint.obj
c:\users\halil\source\repos\tinysdlengine\tinysdlengine\x64\debug\app.obj
c:\users\halil\source\repos\tinysdlengine\tinysdlengine\x64\debug\widget.obj
c:\users\halil\source\repos\tinysdlengine\tinysdlengine\x64\debug\toolbarwidget.obj
c:\users\halil\source\repos\tinysdlengine\tinysdlengine\x64\debug\scenetreewidget.obj
c:\users\halil\source\repos\tinysdlengine\tinysdlengine\x64\debug\random_string.obj
c:\users\halil\source\repos\tinysdlengine\tinysdlengine\x64\debug\scenewidget.obj
c:\users\halil\source\repos\tinysdlengine\tinysdlengine\x64\debug\editorcamera.obj
c:\users\halil\source\repos\tinysdlengine\tinysdlengine\x64\debug\arduinoreader.obj
c:\users\halil\source\repos\tinysdlengine\tinysdlengine\x64\debug\buffer.obj.enc
c:\users\halil\source\repos\tinysdlengine\tinysdlengine\x64\debug\cameranode.obj.enc
c:\users\halil\source\repos\tinysdlengine\tinysdlengine\x64\debug\dynamicobject.obj.enc
c:\users\halil\source\repos\tinysdlengine\tinysdlengine\x64\debug\gameloop.obj.enc
c:\users\halil\source\repos\tinysdlengine\tinysdlengine\x64\debug\mesh.obj.enc
c:\users\halil\source\repos\tinysdlengine\tinysdlengine\x64\debug\model.obj.enc
c:\users\halil\source\repos\tinysdlengine\tinysdlengine\x64\debug\modelmanager.obj.enc
c:\users\halil\source\repos\tinysdlengine\tinysdlengine\x64\debug\modelnode.obj.enc
c:\users\halil\source\repos\tinysdlengine\tinysdlengine\x64\debug\objloader.obj.enc
c:\users\halil\source\repos\tinysdlengine\tinysdlengine\x64\debug\physicsobject.obj.enc
c:\users\halil\source\repos\tinysdlengine\tinysdlengine\x64\debug\resourcemanager.obj.enc
c:\users\halil\source\repos\tinysdlengine\tinysdlengine\x64\debug\sdleventmanager.obj.enc
c:\users\halil\source\repos\tinysdlengine\x64\debug\tinysdlengine.pdb
c:\users\halil\source\repos\tinysdlengine\tinysdlengine\x64\debug\tinysdlengine.tlog\cl.command.1.tlog
c:\users\halil\source\repos\tinysdlengine\tinysdlengine\x64\debug\tinysdlengine.tlog\cl.read.1.tlog
c:\users\halil\source\repos\tinysdlengine\tinysdlengine\x64\debug\tinysdlengine.tlog\cl.write.1.tlog
c:\users\halil\source\repos\tinysdlengine\tinysdlengine\x64\debug\tinysdlengine.tlog\link.16628-cvtres.read.1.tlog
c:\users\halil\source\repos\tinysdlengine\tinysdlengine\x64\debug\tinysdlengine.tlog\link.16628-cvtres.write.1.tlog
c:\users\halil\source\repos\tinysdlengine\tinysdlengine\x64\debug\tinysdlengine.tlog\link.16628-rc.read.1.tlog
c:\users\halil\source\repos\tinysdlengine\tinysdlengine\x64\debug\tinysdlengine.tlog\link.16628-rc.write.1.tlog
c:\users\halil\source\repos\tinysdlengine\tinysdlengine\x64\debug\tinysdlengine.tlog\link.16628.read.1.tlog
c:\users\halil\source\repos\tinysdlengine\tinysdlengine\x64\debug\tinysdlengine.tlog\link.16628.write.1.tlog
c:\users\halil\source\repos\tinysdlengine\tinysdlengine\x64\debug\tinysdlengine.tlog\link.command.1.tlog
c:\users\halil\source\repos\tinysdlengine\tinysdlengine\x64\debug\tinysdlengine.tlog\link.read.1.tlog
c:\users\halil\source\repos\tinysdlengine\tinysdlengine\x64\debug\tinysdlengine.tlog\link.write.1.tlog
